<?xml version="1.0" encoding="UTF-8"?>
<!-- Generated by org.testng.reporters.JUnitReportReporter -->
<testsuite skipped="0" hostname="DESKTOP-1O30RAL" name="org.wipro.JeyJra" tests="4" failures="0" timestamp="10 Apr 2022 12:49:17 GMT" time="0.026" errors="0">
  <testcase name="test3" time="0.004" classname="org.wipro.JeyJra"/>
  <testcase name="test4" time="0.006" classname="org.wipro.JeyJra"/>
  <testcase name="test2" time="0.006" classname="org.wipro.JeyJra"/>
  <testcase name="test1" time="0.010" classname="org.wipro.JeyJra"/>
</testsuite> <!-- org.wipro.JeyJra -->
